{
  "RSpec": {
    "coverage": {
      "/Users/dirkkelly/src/interexchange/campminder/lib/CampMinder.rb": [
        1,
        null,
        null,
        4
      ],
      "/Users/dirkkelly/src/interexchange/campminder/lib/CampMinder/ClientLinkRequest.rb": [
        1,
        1,
        1,
        null,
        null
      ],
      "/Users/dirkkelly/src/interexchange/campminder/lib/CampMinder/constants.rb": [
        1,
        1,
        1,
        1,
        1,
        null
      ],
      "/Users/dirkkelly/src/interexchange/campminder/lib/CampMinder/version.rb": [
        1,
        1,
        null
      ]
    },
    "timestamp": 1421931276
  }
}
